[0.042s] Invoking command in '/home/jonny/dev_ws/src/my_package/build/my_package': CMAKE_PREFIX_PATH=/opt/ros/iron /usr/bin/cmake /home/jonny/dev_ws/src/my_package -DAMENT_CMAKE_SYMLINK_INSTALL=1 -DCMAKE_INSTALL_PREFIX=/home/jonny/dev_ws/src/my_package/install/my_package
[0.152s] -- The C compiler identification is GNU 11.4.0
[0.237s] -- The CXX compiler identification is GNU 11.4.0
[0.247s] -- Detecting C compiler ABI info
[0.329s] -- Detecting C compiler ABI info - done
[0.346s] -- Check for working C compiler: /usr/bin/cc - skipped
[0.347s] -- Detecting C compile features
[0.348s] -- Detecting C compile features - done
[0.355s] -- Detecting CXX compiler ABI info
[0.451s] -- Detecting CXX compiler ABI info - done
[0.457s] -- Check for working CXX compiler: /usr/bin/c++ - skipped
[0.457s] -- Detecting CXX compile features
[0.457s] -- Detecting CXX compile features - done
[0.460s] -- Found ament_cmake: 2.0.3 (/opt/ros/iron/share/ament_cmake/cmake)
[0.609s] -- Found Python3: /usr/bin/python3.10 (found version "3.10.12") found components: Interpreter 
[0.665s] -- Override CMake install command with custom implementation using symlinks instead of copying resources
[0.695s] -- Found ament_lint_auto: 0.14.2 (/opt/ros/iron/share/ament_lint_auto/cmake)
[0.770s] -- Added test 'cppcheck' to perform static code analysis on C / C++ code
[0.770s] -- Configured cppcheck include dirs: 
[0.770s] -- Configured cppcheck exclude dirs and/or files: 
[0.771s] -- Added test 'flake8' to check Python code syntax and style conventions
[0.771s] -- Configured 'flake8' exclude dirs and/or files: 
[0.774s] -- Added test 'lint_cmake' to check CMake code style
[0.775s] -- Added test 'pep257' to check Python code against some of the docstring style conventions in PEP 257
[0.784s] -- Added test 'uncrustify' to check C / C++ code style
[0.784s] -- Configured uncrustify additional arguments: 
[0.785s] -- Added test 'xmllint' to check XML markup files
[0.787s] -- Configuring done
[0.790s] -- Generating done
[0.791s] -- Build files have been written to: /home/jonny/dev_ws/src/my_package/build/my_package
[0.796s] Invoked command in '/home/jonny/dev_ws/src/my_package/build/my_package' returned '0': CMAKE_PREFIX_PATH=/opt/ros/iron /usr/bin/cmake /home/jonny/dev_ws/src/my_package -DAMENT_CMAKE_SYMLINK_INSTALL=1 -DCMAKE_INSTALL_PREFIX=/home/jonny/dev_ws/src/my_package/install/my_package
[0.798s] Invoking command in '/home/jonny/dev_ws/src/my_package/build/my_package': CMAKE_PREFIX_PATH=/opt/ros/iron /usr/bin/cmake --build /home/jonny/dev_ws/src/my_package/build/my_package -- -j16 -l16
[0.840s] Invoked command in '/home/jonny/dev_ws/src/my_package/build/my_package' returned '0': CMAKE_PREFIX_PATH=/opt/ros/iron /usr/bin/cmake --build /home/jonny/dev_ws/src/my_package/build/my_package -- -j16 -l16
[0.877s] Invoking command in '/home/jonny/dev_ws/src/my_package/build/my_package': CMAKE_PREFIX_PATH=/opt/ros/iron /usr/bin/cmake --install /home/jonny/dev_ws/src/my_package/build/my_package
[0.884s] -- Install configuration: ""
[0.884s] -- Execute custom install script
[0.884s] -- Symlinking: /home/jonny/dev_ws/src/my_package/install/my_package/share/my_package/launch/listener.launch.py
[0.895s] -- Symlinking: /home/jonny/dev_ws/src/my_package/install/my_package/share/my_package/launch/talker.launch.py
[0.908s] -- Symlinking: /home/jonny/dev_ws/src/my_package/install/my_package/share/ament_index/resource_index/package_run_dependencies/my_package
[0.918s] -- Symlinking: /home/jonny/dev_ws/src/my_package/install/my_package/share/ament_index/resource_index/parent_prefix_path/my_package
[0.929s] -- Symlinking: /home/jonny/dev_ws/src/my_package/install/my_package/share/my_package/environment/ament_prefix_path.sh
[0.938s] -- Symlinking: /home/jonny/dev_ws/src/my_package/install/my_package/share/my_package/environment/ament_prefix_path.dsv
[0.948s] -- Symlinking: /home/jonny/dev_ws/src/my_package/install/my_package/share/my_package/environment/path.sh
[0.958s] -- Symlinking: /home/jonny/dev_ws/src/my_package/install/my_package/share/my_package/environment/path.dsv
[0.967s] -- Symlinking: /home/jonny/dev_ws/src/my_package/install/my_package/share/my_package/local_setup.bash
[0.977s] -- Symlinking: /home/jonny/dev_ws/src/my_package/install/my_package/share/my_package/local_setup.sh
[0.989s] -- Symlinking: /home/jonny/dev_ws/src/my_package/install/my_package/share/my_package/local_setup.zsh
[1.000s] -- Symlinking: /home/jonny/dev_ws/src/my_package/install/my_package/share/my_package/local_setup.dsv
[1.010s] -- Symlinking: /home/jonny/dev_ws/src/my_package/install/my_package/share/my_package/package.dsv
[1.023s] -- Symlinking: /home/jonny/dev_ws/src/my_package/install/my_package/share/ament_index/resource_index/packages/my_package
[1.032s] -- Symlinking: /home/jonny/dev_ws/src/my_package/install/my_package/share/my_package/cmake/my_packageConfig.cmake
[1.042s] -- Symlinking: /home/jonny/dev_ws/src/my_package/install/my_package/share/my_package/cmake/my_packageConfig-version.cmake
[1.052s] -- Symlinking: /home/jonny/dev_ws/src/my_package/install/my_package/share/my_package/package.xml
[1.063s] Invoked command in '/home/jonny/dev_ws/src/my_package/build/my_package' returned '0': CMAKE_PREFIX_PATH=/opt/ros/iron /usr/bin/cmake --install /home/jonny/dev_ws/src/my_package/build/my_package
