[0.752s] DEBUG:colcon:Command line arguments: ['/usr/bin/colcon', 'build', '--symlink-install']
[0.752s] DEBUG:colcon:Parsed command line arguments: Namespace(log_base=None, log_level=None, verb_name='build', build_base='build', install_base='install', merge_install=False, symlink_install=True, test_result_base=None, continue_on_error=False, executor='parallel', parallel_workers=16, event_handlers=None, ignore_user_meta=False, metas=['./colcon.meta'], base_paths=['.'], packages_ignore=None, packages_ignore_regex=None, paths=None, packages_up_to=None, packages_up_to_regex=None, packages_above=None, packages_above_and_dependencies=None, packages_above_depth=None, packages_select_by_dep=None, packages_skip_by_dep=None, packages_skip_up_to=None, packages_select_build_failed=False, packages_skip_build_finished=False, packages_select_test_failures=False, packages_skip_test_passed=False, packages_select=None, packages_skip=None, packages_select_regex=None, packages_skip_regex=None, packages_start=None, packages_end=None, allow_overriding=[], cmake_args=None, cmake_target=None, cmake_target_skip_unavailable=False, cmake_clean_cache=False, cmake_clean_first=False, cmake_force_configure=False, ament_cmake_args=None, catkin_cmake_args=None, catkin_skip_building_tests=False, verb_parser=<colcon_defaults.argument_parser.defaults.DefaultArgumentsDecorator object at 0x7fd7be876d10>, verb_extension=<colcon_core.verb.build.BuildVerb object at 0x7fd7bf706a70>, main=<bound method BuildVerb.main of <colcon_core.verb.build.BuildVerb object at 0x7fd7bf706a70>>)
[0.788s] Level 1:colcon.colcon_core.package_discovery:discover_packages(colcon_meta) check parameters
[0.788s] Level 1:colcon.colcon_core.package_discovery:discover_packages(recursive) check parameters
[0.788s] Level 1:colcon.colcon_core.package_discovery:discover_packages(ignore) check parameters
[0.788s] Level 1:colcon.colcon_core.package_discovery:discover_packages(path) check parameters
[0.788s] Level 1:colcon.colcon_core.package_discovery:discover_packages(colcon_meta) discover
[0.788s] Level 1:colcon.colcon_core.package_discovery:discover_packages(recursive) discover
[0.788s] INFO:colcon.colcon_core.package_discovery:Crawling recursively for packages in '/home/jonny/dev_ws/src/my_package'
[0.788s] Level 1:colcon.colcon_core.package_identification:_identify(.) by extensions ['ignore', 'ignore_ament_install']
[0.788s] Level 1:colcon.colcon_core.package_identification:_identify(.) by extension 'ignore'
[0.788s] Level 1:colcon.colcon_core.package_identification:_identify(.) by extension 'ignore_ament_install'
[0.788s] Level 1:colcon.colcon_core.package_identification:_identify(.) by extensions ['colcon_pkg']
[0.788s] Level 1:colcon.colcon_core.package_identification:_identify(.) by extension 'colcon_pkg'
[0.789s] Level 1:colcon.colcon_core.package_identification:_identify(.) by extensions ['colcon_meta']
[0.789s] Level 1:colcon.colcon_core.package_identification:_identify(.) by extension 'colcon_meta'
[0.789s] Level 1:colcon.colcon_core.package_identification:_identify(.) by extensions ['ros']
[0.789s] Level 1:colcon.colcon_core.package_identification:_identify(.) by extension 'ros'
[0.801s] DEBUG:colcon.colcon_core.package_identification:Package '.' with type 'ros.ament_cmake' and name 'my_package'
[0.801s] Level 1:colcon.colcon_core.package_discovery:discover_packages(recursive) using defaults
[0.801s] Level 1:colcon.colcon_core.package_discovery:discover_packages(ignore) discover
[0.801s] Level 1:colcon.colcon_core.package_discovery:discover_packages(ignore) using defaults
[0.801s] Level 1:colcon.colcon_core.package_discovery:discover_packages(path) discover
[0.801s] Level 1:colcon.colcon_core.package_discovery:discover_packages(path) using defaults
[0.870s] Level 1:colcon.colcon_core.package_discovery:discover_packages(prefix_path) check parameters
[0.870s] Level 1:colcon.colcon_core.package_discovery:discover_packages(prefix_path) discover
[0.893s] DEBUG:colcon.colcon_installed_package_information.package_discovery:Found 281 installed packages in /opt/ros/iron
[0.894s] Level 1:colcon.colcon_core.package_discovery:discover_packages(prefix_path) using defaults
[0.953s] Level 5:colcon.colcon_core.verb:set package 'my_package' build argument 'cmake_args' from command line to 'None'
[0.953s] Level 5:colcon.colcon_core.verb:set package 'my_package' build argument 'cmake_target' from command line to 'None'
[0.953s] Level 5:colcon.colcon_core.verb:set package 'my_package' build argument 'cmake_target_skip_unavailable' from command line to 'False'
[0.953s] Level 5:colcon.colcon_core.verb:set package 'my_package' build argument 'cmake_clean_cache' from command line to 'False'
[0.953s] Level 5:colcon.colcon_core.verb:set package 'my_package' build argument 'cmake_clean_first' from command line to 'False'
[0.953s] Level 5:colcon.colcon_core.verb:set package 'my_package' build argument 'cmake_force_configure' from command line to 'False'
[0.953s] Level 5:colcon.colcon_core.verb:set package 'my_package' build argument 'ament_cmake_args' from command line to 'None'
[0.953s] Level 5:colcon.colcon_core.verb:set package 'my_package' build argument 'catkin_cmake_args' from command line to 'None'
[0.953s] Level 5:colcon.colcon_core.verb:set package 'my_package' build argument 'catkin_skip_building_tests' from command line to 'False'
[0.953s] DEBUG:colcon.colcon_core.verb:Building package 'my_package' with the following arguments: {'ament_cmake_args': None, 'build_base': '/home/jonny/dev_ws/src/my_package/build/my_package', 'catkin_cmake_args': None, 'catkin_skip_building_tests': False, 'cmake_args': None, 'cmake_clean_cache': False, 'cmake_clean_first': False, 'cmake_force_configure': False, 'cmake_target': None, 'cmake_target_skip_unavailable': False, 'install_base': '/home/jonny/dev_ws/src/my_package/install/my_package', 'merge_install': False, 'path': '/home/jonny/dev_ws/src/my_package', 'symlink_install': True, 'test_result_base': None}
[0.964s] INFO:colcon.colcon_core.executor:Executing jobs using 'parallel' executor
[0.976s] DEBUG:colcon.colcon_parallel_executor.executor.parallel:run_until_complete
[0.976s] INFO:colcon.colcon_ros.task.ament_cmake.build:Building ROS package in '/home/jonny/dev_ws/src/my_package' with build type 'ament_cmake'
[0.976s] INFO:colcon.colcon_cmake.task.cmake.build:Building CMake package in '/home/jonny/dev_ws/src/my_package'
[0.988s] INFO:colcon.colcon_core.plugin_system:Skipping extension 'colcon_core.shell.bat': Not used on non-Windows systems
[0.988s] INFO:colcon.colcon_core.shell:Skip shell extension 'powershell' for command environment: Not usable outside of PowerShell
[0.989s] DEBUG:colcon.colcon_core.shell:Skip shell extension 'dsv' for command environment
[1.018s] DEBUG:colcon.colcon_core.event_handler.log_command:Invoking command in '/home/jonny/dev_ws/src/my_package/build/my_package': CMAKE_PREFIX_PATH=/opt/ros/iron /usr/bin/cmake /home/jonny/dev_ws/src/my_package -DAMENT_CMAKE_SYMLINK_INSTALL=1 -DCMAKE_INSTALL_PREFIX=/home/jonny/dev_ws/src/my_package/install/my_package
[1.772s] DEBUG:colcon.colcon_core.event_handler.log_command:Invoked command in '/home/jonny/dev_ws/src/my_package/build/my_package' returned '0': CMAKE_PREFIX_PATH=/opt/ros/iron /usr/bin/cmake /home/jonny/dev_ws/src/my_package -DAMENT_CMAKE_SYMLINK_INSTALL=1 -DCMAKE_INSTALL_PREFIX=/home/jonny/dev_ws/src/my_package/install/my_package
[1.775s] DEBUG:colcon.colcon_core.event_handler.log_command:Invoking command in '/home/jonny/dev_ws/src/my_package/build/my_package': CMAKE_PREFIX_PATH=/opt/ros/iron /usr/bin/cmake --build /home/jonny/dev_ws/src/my_package/build/my_package -- -j16 -l16
[1.816s] DEBUG:colcon.colcon_core.event_handler.log_command:Invoked command in '/home/jonny/dev_ws/src/my_package/build/my_package' returned '0': CMAKE_PREFIX_PATH=/opt/ros/iron /usr/bin/cmake --build /home/jonny/dev_ws/src/my_package/build/my_package -- -j16 -l16
[1.853s] DEBUG:colcon.colcon_core.event_handler.log_command:Invoking command in '/home/jonny/dev_ws/src/my_package/build/my_package': CMAKE_PREFIX_PATH=/opt/ros/iron /usr/bin/cmake --install /home/jonny/dev_ws/src/my_package/build/my_package
[2.039s] Level 1:colcon.colcon_core.environment:create_environment_scripts_only(my_package)
[2.040s] DEBUG:colcon.colcon_core.event_handler.log_command:Invoked command in '/home/jonny/dev_ws/src/my_package/build/my_package' returned '0': CMAKE_PREFIX_PATH=/opt/ros/iron /usr/bin/cmake --install /home/jonny/dev_ws/src/my_package/build/my_package
[2.056s] Level 1:colcon.colcon_core.environment:checking '/home/jonny/dev_ws/src/my_package/install/my_package' for CMake module files
[2.057s] Level 1:colcon.colcon_core.environment:checking '/home/jonny/dev_ws/src/my_package/install/my_package' for CMake config files
[2.057s] Level 1:colcon.colcon_core.shell:create_environment_hook('my_package', 'cmake_prefix_path')
[2.068s] INFO:colcon.colcon_core.shell:Creating environment hook '/home/jonny/dev_ws/src/my_package/install/my_package/share/my_package/hook/cmake_prefix_path.ps1'
[2.069s] INFO:colcon.colcon_core.shell:Creating environment descriptor '/home/jonny/dev_ws/src/my_package/install/my_package/share/my_package/hook/cmake_prefix_path.dsv'
[2.069s] INFO:colcon.colcon_core.shell:Creating environment hook '/home/jonny/dev_ws/src/my_package/install/my_package/share/my_package/hook/cmake_prefix_path.sh'
[2.070s] Level 1:colcon.colcon_core.environment:checking '/home/jonny/dev_ws/src/my_package/install/my_package/bin'
[2.070s] Level 1:colcon.colcon_core.environment:checking '/home/jonny/dev_ws/src/my_package/install/my_package/lib/pkgconfig/my_package.pc'
[2.070s] Level 1:colcon.colcon_core.environment:checking '/home/jonny/dev_ws/src/my_package/install/my_package/lib/python3.10/site-packages'
[2.070s] Level 1:colcon.colcon_core.environment:checking '/home/jonny/dev_ws/src/my_package/install/my_package/bin'
[2.082s] INFO:colcon.colcon_core.shell:Creating package script '/home/jonny/dev_ws/src/my_package/install/my_package/share/my_package/package.ps1'
[2.082s] INFO:colcon.colcon_core.shell:Creating package descriptor '/home/jonny/dev_ws/src/my_package/install/my_package/share/my_package/package.dsv'
[2.083s] INFO:colcon.colcon_core.shell:Creating package script '/home/jonny/dev_ws/src/my_package/install/my_package/share/my_package/package.sh'
[2.083s] INFO:colcon.colcon_core.shell:Creating package script '/home/jonny/dev_ws/src/my_package/install/my_package/share/my_package/package.bash'
[2.084s] INFO:colcon.colcon_core.shell:Creating package script '/home/jonny/dev_ws/src/my_package/install/my_package/share/my_package/package.zsh'
[2.084s] Level 1:colcon.colcon_core.environment:create_file_with_runtime_dependencies(/home/jonny/dev_ws/src/my_package/install/my_package/share/colcon-core/packages/my_package)
[2.121s] Level 1:colcon.colcon_core.environment:create_environment_scripts_only(my_package)
[2.144s] Level 1:colcon.colcon_core.environment:checking '/home/jonny/dev_ws/src/my_package/install/my_package' for CMake module files
[2.145s] Level 1:colcon.colcon_core.environment:checking '/home/jonny/dev_ws/src/my_package/install/my_package' for CMake config files
[2.145s] Level 1:colcon.colcon_core.shell:create_environment_hook('my_package', 'cmake_prefix_path')
[2.156s] INFO:colcon.colcon_core.shell:Creating environment hook '/home/jonny/dev_ws/src/my_package/install/my_package/share/my_package/hook/cmake_prefix_path.ps1'
[2.156s] INFO:colcon.colcon_core.shell:Creating environment descriptor '/home/jonny/dev_ws/src/my_package/install/my_package/share/my_package/hook/cmake_prefix_path.dsv'
[2.156s] INFO:colcon.colcon_core.shell:Creating environment hook '/home/jonny/dev_ws/src/my_package/install/my_package/share/my_package/hook/cmake_prefix_path.sh'
[2.157s] Level 1:colcon.colcon_core.environment:checking '/home/jonny/dev_ws/src/my_package/install/my_package/bin'
[2.157s] Level 1:colcon.colcon_core.environment:checking '/home/jonny/dev_ws/src/my_package/install/my_package/lib/pkgconfig/my_package.pc'
[2.157s] Level 1:colcon.colcon_core.environment:checking '/home/jonny/dev_ws/src/my_package/install/my_package/lib/python3.10/site-packages'
[2.157s] Level 1:colcon.colcon_core.environment:checking '/home/jonny/dev_ws/src/my_package/install/my_package/bin'
[2.168s] INFO:colcon.colcon_core.shell:Creating package script '/home/jonny/dev_ws/src/my_package/install/my_package/share/my_package/package.ps1'
[2.169s] INFO:colcon.colcon_core.shell:Creating package descriptor '/home/jonny/dev_ws/src/my_package/install/my_package/share/my_package/package.dsv'
[2.169s] INFO:colcon.colcon_core.shell:Creating package script '/home/jonny/dev_ws/src/my_package/install/my_package/share/my_package/package.sh'
[2.169s] INFO:colcon.colcon_core.shell:Creating package script '/home/jonny/dev_ws/src/my_package/install/my_package/share/my_package/package.bash'
[2.170s] INFO:colcon.colcon_core.shell:Creating package script '/home/jonny/dev_ws/src/my_package/install/my_package/share/my_package/package.zsh'
[2.170s] Level 1:colcon.colcon_core.environment:create_file_with_runtime_dependencies(/home/jonny/dev_ws/src/my_package/install/my_package/share/colcon-core/packages/my_package)
[2.170s] DEBUG:colcon.colcon_parallel_executor.executor.parallel:closing loop
[2.170s] DEBUG:colcon.colcon_parallel_executor.executor.parallel:loop closed
[2.170s] DEBUG:colcon.colcon_parallel_executor.executor.parallel:run_until_complete finished with '0'
[2.170s] DEBUG:colcon.colcon_core.event_reactor:joining thread
[2.207s] INFO:colcon.colcon_core.plugin_system:Skipping extension 'colcon_notification.desktop_notification.terminal_notifier': Not used on non-Darwin systems
[2.207s] INFO:colcon.colcon_core.plugin_system:Skipping extension 'colcon_notification.desktop_notification.win32': Not used on non-Windows systems
[2.207s] INFO:colcon.colcon_notification.desktop_notification:Sending desktop notification using 'notify2'
[2.228s] DEBUG:colcon.colcon_core.event_reactor:joined thread
[2.242s] INFO:colcon.colcon_core.shell:Creating prefix script '/home/jonny/dev_ws/src/my_package/install/local_setup.ps1'
[2.243s] INFO:colcon.colcon_core.shell:Creating prefix util module '/home/jonny/dev_ws/src/my_package/install/_local_setup_util_ps1.py'
[2.244s] INFO:colcon.colcon_core.shell:Creating prefix chain script '/home/jonny/dev_ws/src/my_package/install/setup.ps1'
[2.257s] INFO:colcon.colcon_core.shell:Creating prefix script '/home/jonny/dev_ws/src/my_package/install/local_setup.sh'
[2.257s] INFO:colcon.colcon_core.shell:Creating prefix util module '/home/jonny/dev_ws/src/my_package/install/_local_setup_util_sh.py'
[2.258s] INFO:colcon.colcon_core.shell:Creating prefix chain script '/home/jonny/dev_ws/src/my_package/install/setup.sh'
[2.269s] INFO:colcon.colcon_core.shell:Creating prefix script '/home/jonny/dev_ws/src/my_package/install/local_setup.bash'
[2.270s] INFO:colcon.colcon_core.shell:Creating prefix chain script '/home/jonny/dev_ws/src/my_package/install/setup.bash'
[2.281s] INFO:colcon.colcon_core.shell:Creating prefix script '/home/jonny/dev_ws/src/my_package/install/local_setup.zsh'
[2.281s] INFO:colcon.colcon_core.shell:Creating prefix chain script '/home/jonny/dev_ws/src/my_package/install/setup.zsh'
